-------------------------------------------------------------------------------
      name:  <unnamed>
       log:  C:/Users/thepe/Documents/GitHub/ACRE-Wu/results_dynamic/AME-by-len
> gth.log
  log type:  text
 opened on:  14 Mar 2021, 12:23:14

. mlogit transition ib(2).female_lag ib(2).female_lag##ib(2).title_female ib(2)
> .female_lag##ib(1).title_p_acad_d ///
>         ib(2).female_lag##ib(0).title_person_dummy ib(2).female_lag##ib(2).fi
> rst_female ib(2).female_lag##ib(1).first_p_acad ///
>         ib(2).female_lag##ib(0).first_person_dummy ib(2).female_lag##c.group_
> p_acad_d ib(2).female_lag##c.group_person_d ///
>         ib(2).female_lag##ib(9).job_rank_lag ib(2).female_lag##c.ln_post2 if 
> p_acad_dummy_lag==1 & post_miss_lag!=1 & post_miss!=1, base(3) cluster(title_
> id1) robust   

Iteration 0:   log pseudolikelihood = -526658.78  
Iteration 1:   log pseudolikelihood = -445172.12  
Iteration 2:   log pseudolikelihood = -437501.06  
Iteration 3:   log pseudolikelihood = -437318.16  
Iteration 4:   log pseudolikelihood = -437317.41  
Iteration 5:   log pseudolikelihood = -437317.41  

Multinomial logistic regression                 Number of obs     =    559,786
                                                Wald chi2(94)     =  211005.08
                                                Prob > chi2       =     0.0000
Log pseudolikelihood = -437317.41               Pseudo R2         =     0.1696

                         (Std. Err. adjusted for 97,427 clusters in title_id1)
------------------------------------------------------------------------------
             |               Robust
  transition |      Coef.   Std. Err.      z    P>|z|     [95% Conf. Interval]
-------------+----------------------------------------------------------------
1            |
  female_lag |
          0  |    -.32405   .0426025    -7.61   0.000    -.4075494   -.2405507
          1  |  -.3409298    .097091    -3.51   0.000    -.5312246    -.150635
             |
title_female |
          0  |  -.0285062   .0117169    -2.43   0.015    -.0514709   -.0055414
          1  |  -.0302077   .0268978    -1.12   0.261    -.0829265     .022511
             |
  female_lag#|
title_female |
        0 0  |   .0463759   .0215386     2.15   0.031      .004161    .0885909
        0 1  |  -.0281243   .0594478    -0.47   0.636      -.14464    .0883913
        1 0  |  -.0590357   .0669342    -0.88   0.378    -.1902243     .072153
        1 1  |   .0629282    .053003     1.19   0.235    -.0409557    .1668121
             |
0.title_p_~y |  -.0036468   .0082075    -0.44   0.657    -.0197332    .0124396
             |
  female_lag#|
title_p_ac~y |
        0 0  |  -.0153754   .0185703    -0.83   0.408    -.0517725    .0210216
        1 0  |   .0125595   .0416774     0.30   0.763    -.0691268    .0942457
             |
1.title_pe~y |  -.0592874   .0178051    -3.33   0.001    -.0941848   -.0243901
             |
  female_lag#|
title_pers~y |
        0 1  |  -.0126903   .0411304    -0.31   0.758    -.0933044    .0679238
        1 1  |   .0535036   .0649615     0.82   0.410    -.0738186    .1808259
             |
first_female |
          0  |  -.0226895   .0083291    -2.72   0.006    -.0390142   -.0063648
          1  |   -.067753     .01878    -3.61   0.000    -.1045611   -.0309449
             |
  female_lag#|
first_female |
        0 0  |   .0194069   .0185717     1.04   0.296    -.0169931    .0558068
        0 1  |   .1253989   .0481108     2.61   0.009     .0311035    .2196943
        1 0  |   .0214263    .054827     0.39   0.696    -.0860327    .1288852
        1 1  |   .1148453   .0493937     2.33   0.020     .0180354    .2116553
             |
0.first_p_~y |   .3719884   .0083594    44.50   0.000     .3556042    .3883725
             |
  female_lag#|
first_p_ac~y |
        0 0  |   .1133488   .0207962     5.45   0.000      .072589    .1541086
        1 0  |   .1474215   .0485347     3.04   0.002     .0522953    .2425478
             |
1.first_pe~y |  -.1856235   .0118903   -15.61   0.000    -.2089281    -.162319
             |
  female_lag#|
first_pers~y |
        0 1  |  -.1034529   .0288333    -3.59   0.000    -.1599652   -.0469407
        1 1  |  -.0397143   .0582589    -0.68   0.495    -.1538996     .074471
             |
group_p_ac~y |   6.068716    .022305   272.08   0.000     6.024998    6.112433
             |
  female_lag#|
          c. |
group_p_ac~y |
          0  |   .2445102   .0525846     4.65   0.000     .1414463    .3475741
          1  |   .2765779   .1205709     2.29   0.022     .0402634    .5128924
             |
group_pers~y |   3.265749   .0435906    74.92   0.000     3.180313    3.351185
             |
  female_lag#|
          c. |
group_pers~y |
          0  |   .2222455   .1013214     2.19   0.028     .0236592    .4208318
          1  |  -.4326106   .1881225    -2.30   0.021     -.801324   -.0638972
             |
job_rank_lag |
          1  |   .0577549   .0175015     3.30   0.001     .0234525    .0920573
          2  |   .0051585   .0170915     0.30   0.763    -.0283402    .0386572
          3  |    .030531   .0214818     1.42   0.155    -.0115727    .0726346
          4  |  -.0796279   .0405329    -1.96   0.049     -.159071   -.0001848
             |
  female_lag#|
job_rank_lag |
        0 1  |  -.0205403   .0355788    -0.58   0.564    -.0902735    .0491929
        0 2  |  -.0053168   .0377133    -0.14   0.888    -.0792336       .0686
        0 3  |   .0083896   .0406408     0.21   0.836     -.071265    .0880441
        0 4  |    .081274   .0482639     1.68   0.092    -.0133216    .1758696
        1 1  |  -.0333016   .0765728    -0.43   0.664    -.1833816    .1167784
        1 2  |  -.0405244   .0772153    -0.52   0.600    -.1918636    .1108147
        1 3  |  -.1280783   .0811585    -1.58   0.115     -.287146    .0309893
        1 4  |   .0081268   .0921722     0.09   0.930    -.1725273    .1887809
             |
    ln_post2 |   .1425406   .0038694    36.84   0.000     .1349567    .1501246
             |
  female_lag#|
  c.ln_post2 |
          0  |   .0460959   .0080802     5.70   0.000     .0302589    .0619329
          1  |   .0171448   .0187184     0.92   0.360    -.0195425    .0538322
             |
       _cons |  -3.592847   .0184551  -194.68   0.000    -3.629018   -3.556675
-------------+----------------------------------------------------------------
2            |
  female_lag |
          0  |  -.1076726   .0720882    -1.49   0.135    -.2489628    .0336176
          1  |    .832198   .1290594     6.45   0.000     .5792463     1.08515
             |
title_female |
          0  |  -.0268173   .0193413    -1.39   0.166    -.0647256     .011091
          1  |   -.116247   .0385844    -3.01   0.003     -.191871   -.0406229
             |
  female_lag#|
title_female |
        0 0  |   .0203851     .03452     0.59   0.555    -.0472728     .088043
        0 1  |  -.0412494   .0797058    -0.52   0.605    -.1974698    .1149711
        1 0  |    .020665   .0821577     0.25   0.801    -.1403611    .1816911
        1 1  |   .2284269   .0660274     3.46   0.001     .0990155    .3578383
             |
0.title_p_~y |   .0295761   .0133575     2.21   0.027     .0033959    .0557562
             |
  female_lag#|
title_p_ac~y |
        0 0  |  -.0269466   .0295505    -0.91   0.362    -.0848644    .0309712
        1 0  |  -.0410296   .0533534    -0.77   0.442    -.1456004    .0635411
             |
1.title_pe~y |  -.2689771   .0260202   -10.34   0.000    -.3199757   -.2179785
             |
  female_lag#|
title_pers~y |
        0 1  |  -.0193547   .0574357    -0.34   0.736    -.1319266    .0932172
        1 1  |    .141702   .0729759     1.94   0.052    -.0013281     .284732
             |
first_female |
          0  |  -.0001553   .0138592    -0.01   0.991    -.0273189    .0270083
          1  |  -.0858754   .0282073    -3.04   0.002    -.1411608   -.0305901
             |
  female_lag#|
first_female |
        0 0  |  -.0316502   .0300469    -1.05   0.292    -.0905411    .0272407
        0 1  |  -.0054627   .0678707    -0.08   0.936    -.1384867    .1275614
        1 0  |  -.0702558   .0692096    -1.02   0.310    -.2059041    .0653925
        1 1  |  -.0363913   .0646792    -0.56   0.574    -.1631602    .0903776
             |
0.first_p_~y |   .2102391   .0139228    15.10   0.000     .1829509    .2375273
             |
  female_lag#|
first_p_ac~y |
        0 0  |   .0554356   .0334312     1.66   0.097    -.0100883    .1209596
        1 0  |  -.0127904   .0631303    -0.20   0.839    -.1365236    .1109428
             |
1.first_pe~y |  -.6955693   .0191655   -36.29   0.000    -.7331331   -.6580056
             |
  female_lag#|
first_pers~y |
        0 1  |  -.0746181   .0439887    -1.70   0.090    -.1608344    .0115983
        1 1  |   .1705045    .071277     2.39   0.017     .0308042    .3102047
             |
group_p_ac~y |   3.343718   .0389306    85.89   0.000     3.267416    3.420021
             |
  female_lag#|
          c. |
group_p_ac~y |
          0  |  -.0080557   .0896202    -0.09   0.928    -.1837081    .1675968
          1  |  -.5313412   .1671482    -3.18   0.001    -.8589457   -.2037366
             |
group_pers~y |   11.06834   .0637012   173.75   0.000     10.94349    11.19319
             |
  female_lag#|
          c. |
group_pers~y |
          0  |   .2259089   .1357379     1.66   0.096    -.0401326    .4919504
          1  |  -2.534885   .2052995   -12.35   0.000    -2.937265   -2.132506
             |
job_rank_lag |
          1  |   .0147098   .0273808     0.54   0.591    -.0389557    .0683752
          2  |  -.0514675   .0292026    -1.76   0.078    -.1087035    .0057684
          3  |   .0347726   .0339904     1.02   0.306    -.0318474    .1013926
          4  |  -.2367301   .0728053    -3.25   0.001    -.3794258   -.0940344
             |
  female_lag#|
job_rank_lag |
        0 1  |   .0485194   .0570864     0.85   0.395     -.063368    .1604067
        0 2  |   .0783237   .0636749     1.23   0.219    -.0464768    .2031241
        0 3  |    .103494   .0647132     1.60   0.110    -.0233416    .2303295
        0 4  |   .2426474   .0861696     2.82   0.005     .0737582    .4115367
        1 1  |  -.0349389   .1024041    -0.34   0.733    -.2356473    .1657694
        1 2  |  -.0791893   .1192967    -0.66   0.507    -.3130067     .154628
        1 3  |  -.0252716   .1169946    -0.22   0.829    -.2545768    .2040336
        1 4  |   .1391512   .1408984     0.99   0.323    -.1370046     .415307
             |
    ln_post2 |    .221581   .0059854    37.02   0.000     .2098499    .2333122
             |
  female_lag#|
  c.ln_post2 |
          0  |   .0314756   .0125411     2.51   0.012     .0068954    .0560557
          1  |  -.0592157   .0238926    -2.48   0.013    -.1060444    -.012387
             |
       _cons |  -4.772393   .0323194  -147.66   0.000    -4.835737   -4.709048
-------------+----------------------------------------------------------------
3            |  (base outcome)
------------------------------------------------------------------------------

. 
. _pctile ln_post2 if p_acad_dummy_lag==1 & post_miss_lag!=1 & post_miss!=1, nq
> (10)

. return list

scalars:
                 r(r1) =  .6931471824645996
                 r(r2) =  1.098612308502197
                 r(r3) =  1.609437942504883
                 r(r4) =  1.791759490966797
                 r(r5) =  2.079441547393799
                 r(r6) =  2.397895336151123
                 r(r7) =  2.56494927406311
                 r(r8) =  2.833213329315186
                 r(r9) =  3.135494232177734

. margins,dydx(i.female_lag) at(ln_post2=(0 `r(r1)' `r(r2)' `r(r3)' `r(r4)' `r(
> r5)' `r(r6)' `r(r7)' `r(r8)' `r(r9)'))
--Break--
r(1);

end of do-file

--Break--
r(1);

. do "C:\Users\thepe\AppData\Local\Temp\STD554_000000.tmp"

. clear 

. set more off

. capture log close
